<?xml version="1.0" encoding="UTF-8"?>
<?xml-stylesheet href="api_tests.xsl" type="text/xsl" ?>
<unittest-results date_time = "2012-12-29 15:50:15" tests="17" failedtests="4" failures="15" time="19.037">
<test suite="Base" name="AllocateRR" time="0"/>
<test suite="Base" name="LOGGING" time="0"><failure message="base.cpp(44) : Expected RoadRunner.log but was C:\Users\Totte\AppData\Local\Temp\RoadRunner.log"/></test>
<test suite="Base" name="VERSIONS" time="0"/>
<test suite="Base" name="MODEL_FILES" time="0"/>
<test suite="Base" name="LOAD_SBML" time="0.73"/>
<test suite="Base" name="LISTS" time="0"/>
<test suite="SteadyState" name="DATA_FILES" time="0.009"/>
<test suite="SteadyState" name="AllocateRR" time="0"/>
<test suite="SteadyState" name="LOAD_MODEL" time="0.762"/>
<test suite="SteadyState" name="COMPUTE_STEADY_STATE" time="0.023"/>
<test suite="SteadyState" name="GET_EIGENVALUE_IDS" time="13.081"/>
<test suite="SteadyState" name="STEADY_STATE_CONCENTRATIONS" time="0.015"><failure message="steady_state.cpp(159) : Expected 0.569695 +/- 1e-006 but was 0.56969"/><failure message="steady_state.cpp(159) : Expected 0.208044 +/- 1e-006 but was 0.20804"/><failure message="steady_state.cpp(159) : Expected 0.130028 +/- 1e-006 but was 0.13003"/><failure message="steady_state.cpp(159) : Expected 0.0715153 +/- 1e-006 but was 0.0715133"/><failure message="steady_state.cpp(159) : Expected 0.0715153 +/- 1e-006 but was 0.0715165"/></test>
<test suite="SteadyState" name="GET_EIGENVALUES_THROW_EXCEPTION" time="0.167"/>
<test suite="SteadyState" name="GET_EIGENVALUES_1" time="0.163"/>
<test suite="SteadyState" name="GET_EIGENVALUES_2" time="0.178"><failure message="steady_state.cpp(293) : Expected -0.157263 +/- 1e-006 but was -0.767365"/></test>
<test suite="SteadyState" name="COMPUTE_STEADY_STATE_VALUES" time="0.164"/>
<test suite="SteadyState" name="FULL_JACOBIAN" time="3.733"><failure message="steady_state.cpp(334) : Expected 0.067 +/- 1e-006 but was 0"/><failure message="steady_state.cpp(334) : Expected 0 +/- 1e-006 but was 0.067"/><failure message="steady_state.cpp(334) : Expected 0.15 +/- 1e-006 but was 0"/><failure message="steady_state.cpp(334) : Expected -0.467 +/- 1e-006 but was -0.64"/><failure message="steady_state.cpp(334) : Expected 0.09 +/- 1e-006 but was 0.4"/><failure message="steady_state.cpp(334) : Expected 0 +/- 1e-006 but was 0.15"/><failure message="steady_state.cpp(334) : Expected 0.4 +/- 1e-006 but was 0.09"/><failure message="steady_state.cpp(334) : Expected -0.64 +/- 1e-006 but was -0.467"/></test>
</unittest-results>
